<?xml version="1.0" encoding="UTF-8"?>
<!-- Generated by org.testng.reporters.JUnitReportReporter -->
<testsuite skipped="0" hostname="Siraj" name="paypal.BaseClass" tests="1" failures="0" timestamp="02 Dec 2020 18:59:58 GMT" time="4.738" errors="0">
  <testcase name="access" time="4.738" classname="paypal.BaseClass"/>
</testsuite> <!-- paypal.BaseClass -->
