<?xml version="1.0" encoding="UTF-8"?>
<!-- Generated by org.testng.reporters.JUnitReportReporter -->
<testsuite skipped="0" hostname="Siraj" name="logging.LogRequest" tests="2" failures="0" timestamp="02 Dec 2020 07:55:51 GMT" time="3.177" errors="0">
  <testcase name="test02" time="0.109" classname="logging.LogRequest"/>
  <testcase name="test01" time="3.068" classname="logging.LogRequest"/>
</testsuite> <!-- logging.LogRequest -->
