<?xml version="1.0" encoding="UTF-8"?>
<!-- Generated by org.testng.reporters.JUnitReportReporter -->
<testsuite skipped="0" hostname="Siraj" name="paypal.CreatePay" tests="1" failures="0" timestamp="02 Dec 2020 19:36:22 GMT" time="0.837" errors="0">
  <testcase name="createAPayment" time="0.837" classname="paypal.CreatePay"/>
</testsuite> <!-- paypal.CreatePay -->
