<?xml version="1.0" encoding="UTF-8"?>
<!-- Generated by org.testng.reporters.JUnitReportReporter -->
<testsuite skipped="0" hostname="Siraj" name="assert1.SingleAssert" tests="1" failures="0" timestamp="01 Dec 2020 14:09:05 GMT" time="3.739" errors="0">
  <testcase name="test" time="3.739" classname="assert1.SingleAssert"/>
</testsuite> <!-- assert1.SingleAssert -->
