<?xml version="1.0" encoding="UTF-8"?>
<!-- Generated by org.testng.reporters.JUnitReportReporter -->
<testsuite skipped="0" hostname="Siraj" name="PojoPOst" tests="1" failures="0" timestamp="30 Nov 2020 08:59:34 GMT" time="3.983" errors="0">
  <testcase name="Post" time="3.983" classname="PojoPOst"/>
</testsuite> <!-- PojoPOst -->
