<?xml version="1.0" encoding="UTF-8"?>
<!-- Generated by org.testng.reporters.JUnitReportReporter -->
<testsuite skipped="0" hostname="Siraj" name="QueryParam" tests="1" failures="0" timestamp="02 Dec 2020 07:33:08 GMT" time="2.725" errors="0">
  <testcase name="test" time="2.725" classname="QueryParam"/>
</testsuite> <!-- QueryParam -->
