<?xml version="1.0" encoding="UTF-8"?>
<!-- Generated by org.testng.reporters.JUnitReportReporter -->
<testsuite skipped="0" hostname="Siraj" name="POST" tests="1" failures="0" timestamp="28 Nov 2020 13:51:39 GMT" time="3.389" errors="0">
  <testcase name="Post" time="3.389" classname="POST"/>
</testsuite> <!-- POST -->
