<?xml version="1.0" encoding="UTF-8"?>
<!-- Generated by org.testng.reporters.JUnitReportReporter -->
<testsuite skipped="0" hostname="Siraj" name="Time" tests="1" failures="0" timestamp="02 Dec 2020 12:12:04 GMT" time="3.573" errors="0">
  <testcase name="test" time="3.573" classname="Time"/>
</testsuite> <!-- Time -->
