<?xml version="1.0" encoding="UTF-8"?>
<!-- Generated by org.testng.reporters.JUnitReportReporter -->
<testsuite skipped="0" hostname="Siraj" name="Test1" tests="1" failures="0" timestamp="03 Dec 2020 08:11:58 GMT" time="3.258" errors="0">
  <testcase name="test" time="3.258" classname="Test1"/>
</testsuite> <!-- Test1 -->
